<?xml version="1.0" encoding="UTF-8"?>
<!-- Generated by org.testng.reporters.JUnitReportReporter -->
<testsuite hostname="H-ElFekeys-MacBook-Air.local" failures="0" tests="1" name="Tests.donationCycleTest" time="133.614" errors="0" timestamp="2023-10-19T20:34:33 EET" skipped="0">
  <testcase classname="Tests.donationCycleTest" name="donationCycle" time="133.614"/>
</testsuite> <!-- Tests.donationCycleTest -->
